2021-05-29 18:34:39,466 INFO 2348 [Timer] C:\Users\86132\Desktop\ltt\cms-home\server\node_modules\egg-multipart\app\schedule\clean_tmpdir.js next time will execute after 35720538ms at 2021-05-30 04:30:00.003
2021-05-29 18:34:39,466 INFO 2348 [Timer] C:\Users\86132\Desktop\ltt\cms-home\server\node_modules\egg-logrotator\app\schedule\clean_log.js next time will execute after 19520534ms at 2021-05-30 00:00:00.000
2021-05-29 18:34:39,467 INFO 2348 [Timer] C:\Users\86132\Desktop\ltt\cms-home\server\node_modules\egg-logrotator\app\schedule\rotate_by_file.js next time will execute after 19521534ms at 2021-05-30 00:00:01.001
2021-05-29 18:34:38,907 INFO 10772 [egg-schedule]: register schedule C:\Users\86132\Desktop\ltt\cms-home\server\node_modules\egg-multipart\app\schedule\clean_tmpdir.js
2021-05-29 18:34:38,908 INFO 10772 [egg-schedule]: register schedule C:\Users\86132\Desktop\ltt\cms-home\server\node_modules\egg-logrotator\app\schedule\clean_log.js
2021-05-29 18:34:38,908 INFO 10772 [egg-schedule]: register schedule C:\Users\86132\Desktop\ltt\cms-home\server\node_modules\egg-logrotator\app\schedule\rotate_by_file.js
2021-05-29 18:43:53,468 INFO 17644 [egg-schedule]: register schedule C:\Users\86132\Desktop\ltt\cms-home\server\node_modules\egg-multipart\app\schedule\clean_tmpdir.js
2021-05-29 18:43:53,468 INFO 17644 [egg-schedule]: register schedule C:\Users\86132\Desktop\ltt\cms-home\server\node_modules\egg-logrotator\app\schedule\clean_log.js
2021-05-29 18:43:53,468 INFO 17644 [egg-schedule]: register schedule C:\Users\86132\Desktop\ltt\cms-home\server\node_modules\egg-logrotator\app\schedule\rotate_by_file.js
2021-05-29 18:43:55,548 INFO 10760 [egg-schedule]: register schedule C:\Users\86132\Desktop\ltt\cms-home\server\node_modules\egg-multipart\app\schedule\clean_tmpdir.js
2021-05-29 18:43:55,548 INFO 10760 [egg-schedule]: register schedule C:\Users\86132\Desktop\ltt\cms-home\server\node_modules\egg-logrotator\app\schedule\clean_log.js
2021-05-29 18:43:55,548 INFO 10760 [egg-schedule]: register schedule C:\Users\86132\Desktop\ltt\cms-home\server\node_modules\egg-logrotator\app\schedule\rotate_by_file.js
2021-05-29 18:50:20,947 INFO 13112 [egg-schedule]: register schedule C:\Users\86132\Desktop\ltt\cms-home\server\node_modules\egg-multipart\app\schedule\clean_tmpdir.js
2021-05-29 18:50:20,947 INFO 13112 [egg-schedule]: register schedule C:\Users\86132\Desktop\ltt\cms-home\server\node_modules\egg-logrotator\app\schedule\clean_log.js
2021-05-29 18:50:20,947 INFO 13112 [egg-schedule]: register schedule C:\Users\86132\Desktop\ltt\cms-home\server\node_modules\egg-logrotator\app\schedule\rotate_by_file.js
2021-05-29 18:50:22,993 INFO 3628 [egg-schedule]: register schedule C:\Users\86132\Desktop\ltt\cms-home\server\node_modules\egg-multipart\app\schedule\clean_tmpdir.js
2021-05-29 18:50:22,993 INFO 3628 [egg-schedule]: register schedule C:\Users\86132\Desktop\ltt\cms-home\server\node_modules\egg-logrotator\app\schedule\clean_log.js
2021-05-29 18:50:22,993 INFO 3628 [egg-schedule]: register schedule C:\Users\86132\Desktop\ltt\cms-home\server\node_modules\egg-logrotator\app\schedule\rotate_by_file.js
2021-05-29 18:51:05,984 INFO 6876 [egg-schedule]: register schedule C:\Users\86132\Desktop\ltt\cms-home\server\node_modules\egg-multipart\app\schedule\clean_tmpdir.js
2021-05-29 18:51:05,984 INFO 6876 [egg-schedule]: register schedule C:\Users\86132\Desktop\ltt\cms-home\server\node_modules\egg-logrotator\app\schedule\clean_log.js
2021-05-29 18:51:05,984 INFO 6876 [egg-schedule]: register schedule C:\Users\86132\Desktop\ltt\cms-home\server\node_modules\egg-logrotator\app\schedule\rotate_by_file.js
2021-05-29 18:51:08,419 INFO 11012 [egg-schedule]: register schedule C:\Users\86132\Desktop\ltt\cms-home\server\node_modules\egg-multipart\app\schedule\clean_tmpdir.js
2021-05-29 18:51:08,419 INFO 11012 [egg-schedule]: register schedule C:\Users\86132\Desktop\ltt\cms-home\server\node_modules\egg-logrotator\app\schedule\clean_log.js
2021-05-29 18:51:08,419 INFO 11012 [egg-schedule]: register schedule C:\Users\86132\Desktop\ltt\cms-home\server\node_modules\egg-logrotator\app\schedule\rotate_by_file.js
2021-05-29 18:51:24,216 INFO 452 [egg-schedule]: register schedule C:\Users\86132\Desktop\ltt\cms-home\server\node_modules\egg-multipart\app\schedule\clean_tmpdir.js
2021-05-29 18:51:24,216 INFO 452 [egg-schedule]: register schedule C:\Users\86132\Desktop\ltt\cms-home\server\node_modules\egg-logrotator\app\schedule\clean_log.js
2021-05-29 18:51:24,216 INFO 452 [egg-schedule]: register schedule C:\Users\86132\Desktop\ltt\cms-home\server\node_modules\egg-logrotator\app\schedule\rotate_by_file.js
2021-05-29 18:51:26,538 INFO 14768 [egg-schedule]: register schedule C:\Users\86132\Desktop\ltt\cms-home\server\node_modules\egg-multipart\app\schedule\clean_tmpdir.js
2021-05-29 18:51:26,538 INFO 14768 [egg-schedule]: register schedule C:\Users\86132\Desktop\ltt\cms-home\server\node_modules\egg-logrotator\app\schedule\clean_log.js
2021-05-29 18:51:26,538 INFO 14768 [egg-schedule]: register schedule C:\Users\86132\Desktop\ltt\cms-home\server\node_modules\egg-logrotator\app\schedule\rotate_by_file.js
2021-05-29 18:51:36,740 INFO 14464 [egg-schedule]: register schedule C:\Users\86132\Desktop\ltt\cms-home\server\node_modules\egg-multipart\app\schedule\clean_tmpdir.js
2021-05-29 18:51:36,740 INFO 14464 [egg-schedule]: register schedule C:\Users\86132\Desktop\ltt\cms-home\server\node_modules\egg-logrotator\app\schedule\clean_log.js
2021-05-29 18:51:36,740 INFO 14464 [egg-schedule]: register schedule C:\Users\86132\Desktop\ltt\cms-home\server\node_modules\egg-logrotator\app\schedule\rotate_by_file.js
2021-05-29 18:51:39,349 INFO 5980 [egg-schedule]: register schedule C:\Users\86132\Desktop\ltt\cms-home\server\node_modules\egg-multipart\app\schedule\clean_tmpdir.js
2021-05-29 18:51:39,350 INFO 5980 [egg-schedule]: register schedule C:\Users\86132\Desktop\ltt\cms-home\server\node_modules\egg-logrotator\app\schedule\clean_log.js
2021-05-29 18:51:39,350 INFO 5980 [egg-schedule]: register schedule C:\Users\86132\Desktop\ltt\cms-home\server\node_modules\egg-logrotator\app\schedule\rotate_by_file.js
2021-05-29 18:51:55,754 INFO 8268 [egg-schedule]: register schedule C:\Users\86132\Desktop\ltt\cms-home\server\node_modules\egg-multipart\app\schedule\clean_tmpdir.js
2021-05-29 18:51:55,754 INFO 8268 [egg-schedule]: register schedule C:\Users\86132\Desktop\ltt\cms-home\server\node_modules\egg-logrotator\app\schedule\clean_log.js
2021-05-29 18:51:55,754 INFO 8268 [egg-schedule]: register schedule C:\Users\86132\Desktop\ltt\cms-home\server\node_modules\egg-logrotator\app\schedule\rotate_by_file.js
2021-05-29 18:51:58,479 INFO 13160 [egg-schedule]: register schedule C:\Users\86132\Desktop\ltt\cms-home\server\node_modules\egg-multipart\app\schedule\clean_tmpdir.js
2021-05-29 18:51:58,479 INFO 13160 [egg-schedule]: register schedule C:\Users\86132\Desktop\ltt\cms-home\server\node_modules\egg-logrotator\app\schedule\clean_log.js
2021-05-29 18:51:58,479 INFO 13160 [egg-schedule]: register schedule C:\Users\86132\Desktop\ltt\cms-home\server\node_modules\egg-logrotator\app\schedule\rotate_by_file.js
2021-05-29 18:53:44,698 INFO 18328 [egg-schedule]: register schedule C:\Users\86132\Desktop\ltt\cms-home\server\node_modules\egg-multipart\app\schedule\clean_tmpdir.js
2021-05-29 18:53:44,698 INFO 18328 [egg-schedule]: register schedule C:\Users\86132\Desktop\ltt\cms-home\server\node_modules\egg-logrotator\app\schedule\clean_log.js
2021-05-29 18:53:44,698 INFO 18328 [egg-schedule]: register schedule C:\Users\86132\Desktop\ltt\cms-home\server\node_modules\egg-logrotator\app\schedule\rotate_by_file.js
2021-05-29 18:55:57,690 INFO 16736 [egg-schedule]: register schedule C:\Users\86132\Desktop\ltt\cms-home\server\node_modules\egg-multipart\app\schedule\clean_tmpdir.js
2021-05-29 18:55:57,690 INFO 16736 [egg-schedule]: register schedule C:\Users\86132\Desktop\ltt\cms-home\server\node_modules\egg-logrotator\app\schedule\clean_log.js
2021-05-29 18:55:57,690 INFO 16736 [egg-schedule]: register schedule C:\Users\86132\Desktop\ltt\cms-home\server\node_modules\egg-logrotator\app\schedule\rotate_by_file.js
2021-05-29 18:55:59,842 INFO 10640 [egg-schedule]: register schedule C:\Users\86132\Desktop\ltt\cms-home\server\node_modules\egg-multipart\app\schedule\clean_tmpdir.js
2021-05-29 18:55:59,842 INFO 10640 [egg-schedule]: register schedule C:\Users\86132\Desktop\ltt\cms-home\server\node_modules\egg-logrotator\app\schedule\clean_log.js
2021-05-29 18:55:59,842 INFO 10640 [egg-schedule]: register schedule C:\Users\86132\Desktop\ltt\cms-home\server\node_modules\egg-logrotator\app\schedule\rotate_by_file.js
2021-05-29 20:20:27,276 INFO 7264 [egg-schedule]: register schedule C:\Users\86132\Desktop\ltt\cms-home\server\node_modules\egg-multipart\app\schedule\clean_tmpdir.js
2021-05-29 20:20:27,276 INFO 7264 [egg-schedule]: register schedule C:\Users\86132\Desktop\ltt\cms-home\server\node_modules\egg-logrotator\app\schedule\clean_log.js
2021-05-29 20:20:27,276 INFO 7264 [egg-schedule]: register schedule C:\Users\86132\Desktop\ltt\cms-home\server\node_modules\egg-logrotator\app\schedule\rotate_by_file.js
2021-05-29 20:20:29,877 INFO 13648 [egg-schedule]: register schedule C:\Users\86132\Desktop\ltt\cms-home\server\node_modules\egg-multipart\app\schedule\clean_tmpdir.js
2021-05-29 20:20:29,877 INFO 13648 [egg-schedule]: register schedule C:\Users\86132\Desktop\ltt\cms-home\server\node_modules\egg-logrotator\app\schedule\clean_log.js
2021-05-29 20:20:29,877 INFO 13648 [egg-schedule]: register schedule C:\Users\86132\Desktop\ltt\cms-home\server\node_modules\egg-logrotator\app\schedule\rotate_by_file.js
2021-05-29 20:21:52,350 INFO 15576 [egg-schedule]: register schedule C:\Users\86132\Desktop\ltt\cms-home\server\node_modules\egg-multipart\app\schedule\clean_tmpdir.js
2021-05-29 20:21:52,350 INFO 15576 [egg-schedule]: register schedule C:\Users\86132\Desktop\ltt\cms-home\server\node_modules\egg-logrotator\app\schedule\clean_log.js
2021-05-29 20:21:52,350 INFO 15576 [egg-schedule]: register schedule C:\Users\86132\Desktop\ltt\cms-home\server\node_modules\egg-logrotator\app\schedule\rotate_by_file.js
2021-05-29 20:22:29,174 INFO 17956 [egg-schedule]: register schedule C:\Users\86132\Desktop\ltt\cms-home\server\node_modules\egg-multipart\app\schedule\clean_tmpdir.js
2021-05-29 20:22:29,174 INFO 17956 [egg-schedule]: register schedule C:\Users\86132\Desktop\ltt\cms-home\server\node_modules\egg-logrotator\app\schedule\clean_log.js
2021-05-29 20:22:29,174 INFO 17956 [egg-schedule]: register schedule C:\Users\86132\Desktop\ltt\cms-home\server\node_modules\egg-logrotator\app\schedule\rotate_by_file.js
2021-05-29 20:22:33,091 INFO 19988 [egg-schedule]: register schedule C:\Users\86132\Desktop\ltt\cms-home\server\node_modules\egg-multipart\app\schedule\clean_tmpdir.js
2021-05-29 20:22:33,092 INFO 19988 [egg-schedule]: register schedule C:\Users\86132\Desktop\ltt\cms-home\server\node_modules\egg-logrotator\app\schedule\clean_log.js
2021-05-29 20:22:33,092 INFO 19988 [egg-schedule]: register schedule C:\Users\86132\Desktop\ltt\cms-home\server\node_modules\egg-logrotator\app\schedule\rotate_by_file.js
2021-05-29 21:22:48,942 INFO 22428 [egg-schedule]: register schedule C:\Users\86132\Desktop\ltt\cms-home\server\node_modules\egg-multipart\app\schedule\clean_tmpdir.js
2021-05-29 21:22:48,942 INFO 22428 [egg-schedule]: register schedule C:\Users\86132\Desktop\ltt\cms-home\server\node_modules\egg-logrotator\app\schedule\clean_log.js
2021-05-29 21:22:48,942 INFO 22428 [egg-schedule]: register schedule C:\Users\86132\Desktop\ltt\cms-home\server\node_modules\egg-logrotator\app\schedule\rotate_by_file.js
2021-05-29 21:22:51,208 INFO 15908 [egg-schedule]: register schedule C:\Users\86132\Desktop\ltt\cms-home\server\node_modules\egg-multipart\app\schedule\clean_tmpdir.js
2021-05-29 21:22:51,208 INFO 15908 [egg-schedule]: register schedule C:\Users\86132\Desktop\ltt\cms-home\server\node_modules\egg-logrotator\app\schedule\clean_log.js
2021-05-29 21:22:51,208 INFO 15908 [egg-schedule]: register schedule C:\Users\86132\Desktop\ltt\cms-home\server\node_modules\egg-logrotator\app\schedule\rotate_by_file.js
2021-05-29 21:23:00,623 INFO 19280 [egg-schedule]: register schedule C:\Users\86132\Desktop\ltt\cms-home\server\node_modules\egg-multipart\app\schedule\clean_tmpdir.js
2021-05-29 21:23:00,623 INFO 19280 [egg-schedule]: register schedule C:\Users\86132\Desktop\ltt\cms-home\server\node_modules\egg-logrotator\app\schedule\clean_log.js
2021-05-29 21:23:00,623 INFO 19280 [egg-schedule]: register schedule C:\Users\86132\Desktop\ltt\cms-home\server\node_modules\egg-logrotator\app\schedule\rotate_by_file.js
2021-05-29 21:23:02,710 INFO 22012 [egg-schedule]: register schedule C:\Users\86132\Desktop\ltt\cms-home\server\node_modules\egg-multipart\app\schedule\clean_tmpdir.js
2021-05-29 21:23:02,710 INFO 22012 [egg-schedule]: register schedule C:\Users\86132\Desktop\ltt\cms-home\server\node_modules\egg-logrotator\app\schedule\clean_log.js
2021-05-29 21:23:02,710 INFO 22012 [egg-schedule]: register schedule C:\Users\86132\Desktop\ltt\cms-home\server\node_modules\egg-logrotator\app\schedule\rotate_by_file.js
2021-05-29 21:23:39,079 INFO 10656 [egg-schedule]: register schedule C:\Users\86132\Desktop\ltt\cms-home\server\node_modules\egg-multipart\app\schedule\clean_tmpdir.js
2021-05-29 21:23:39,079 INFO 10656 [egg-schedule]: register schedule C:\Users\86132\Desktop\ltt\cms-home\server\node_modules\egg-logrotator\app\schedule\clean_log.js
2021-05-29 21:23:39,079 INFO 10656 [egg-schedule]: register schedule C:\Users\86132\Desktop\ltt\cms-home\server\node_modules\egg-logrotator\app\schedule\rotate_by_file.js
2021-05-29 21:23:41,113 INFO 21940 [egg-schedule]: register schedule C:\Users\86132\Desktop\ltt\cms-home\server\node_modules\egg-multipart\app\schedule\clean_tmpdir.js
2021-05-29 21:23:41,113 INFO 21940 [egg-schedule]: register schedule C:\Users\86132\Desktop\ltt\cms-home\server\node_modules\egg-logrotator\app\schedule\clean_log.js
2021-05-29 21:23:41,113 INFO 21940 [egg-schedule]: register schedule C:\Users\86132\Desktop\ltt\cms-home\server\node_modules\egg-logrotator\app\schedule\rotate_by_file.js
2021-05-29 21:24:11,168 INFO 24308 [egg-schedule]: register schedule C:\Users\86132\Desktop\ltt\cms-home\server\node_modules\egg-multipart\app\schedule\clean_tmpdir.js
2021-05-29 21:24:11,168 INFO 24308 [egg-schedule]: register schedule C:\Users\86132\Desktop\ltt\cms-home\server\node_modules\egg-logrotator\app\schedule\clean_log.js
2021-05-29 21:24:11,168 INFO 24308 [egg-schedule]: register schedule C:\Users\86132\Desktop\ltt\cms-home\server\node_modules\egg-logrotator\app\schedule\rotate_by_file.js
2021-05-29 21:24:13,239 INFO 17412 [egg-schedule]: register schedule C:\Users\86132\Desktop\ltt\cms-home\server\node_modules\egg-multipart\app\schedule\clean_tmpdir.js
2021-05-29 21:24:13,239 INFO 17412 [egg-schedule]: register schedule C:\Users\86132\Desktop\ltt\cms-home\server\node_modules\egg-logrotator\app\schedule\clean_log.js
2021-05-29 21:24:13,239 INFO 17412 [egg-schedule]: register schedule C:\Users\86132\Desktop\ltt\cms-home\server\node_modules\egg-logrotator\app\schedule\rotate_by_file.js
2021-05-29 21:26:39,543 INFO 17104 [egg-schedule]: register schedule C:\Users\86132\Desktop\ltt\cms-home\server\node_modules\egg-multipart\app\schedule\clean_tmpdir.js
2021-05-29 21:26:39,543 INFO 17104 [egg-schedule]: register schedule C:\Users\86132\Desktop\ltt\cms-home\server\node_modules\egg-logrotator\app\schedule\clean_log.js
2021-05-29 21:26:39,543 INFO 17104 [egg-schedule]: register schedule C:\Users\86132\Desktop\ltt\cms-home\server\node_modules\egg-logrotator\app\schedule\rotate_by_file.js
2021-05-29 21:26:41,647 INFO 23728 [egg-schedule]: register schedule C:\Users\86132\Desktop\ltt\cms-home\server\node_modules\egg-multipart\app\schedule\clean_tmpdir.js
2021-05-29 21:26:41,648 INFO 23728 [egg-schedule]: register schedule C:\Users\86132\Desktop\ltt\cms-home\server\node_modules\egg-logrotator\app\schedule\clean_log.js
2021-05-29 21:26:41,648 INFO 23728 [egg-schedule]: register schedule C:\Users\86132\Desktop\ltt\cms-home\server\node_modules\egg-logrotator\app\schedule\rotate_by_file.js
2021-05-29 21:29:10,561 INFO 22496 [egg-schedule]: register schedule C:\Users\86132\Desktop\ltt\cms-home\server\node_modules\egg-multipart\app\schedule\clean_tmpdir.js
2021-05-29 21:29:10,561 INFO 22496 [egg-schedule]: register schedule C:\Users\86132\Desktop\ltt\cms-home\server\node_modules\egg-logrotator\app\schedule\clean_log.js
2021-05-29 21:29:10,561 INFO 22496 [egg-schedule]: register schedule C:\Users\86132\Desktop\ltt\cms-home\server\node_modules\egg-logrotator\app\schedule\rotate_by_file.js
2021-05-29 21:30:18,558 INFO 18252 [egg-schedule]: register schedule C:\Users\86132\Desktop\ltt\cms-home\server\node_modules\egg-multipart\app\schedule\clean_tmpdir.js
2021-05-29 21:30:18,558 INFO 18252 [egg-schedule]: register schedule C:\Users\86132\Desktop\ltt\cms-home\server\node_modules\egg-logrotator\app\schedule\clean_log.js
2021-05-29 21:30:18,558 INFO 18252 [egg-schedule]: register schedule C:\Users\86132\Desktop\ltt\cms-home\server\node_modules\egg-logrotator\app\schedule\rotate_by_file.js
2021-05-29 21:30:37,672 INFO 19800 [egg-schedule]: register schedule C:\Users\86132\Desktop\ltt\cms-home\server\node_modules\egg-multipart\app\schedule\clean_tmpdir.js
2021-05-29 21:30:37,673 INFO 19800 [egg-schedule]: register schedule C:\Users\86132\Desktop\ltt\cms-home\server\node_modules\egg-logrotator\app\schedule\clean_log.js
2021-05-29 21:30:37,673 INFO 19800 [egg-schedule]: register schedule C:\Users\86132\Desktop\ltt\cms-home\server\node_modules\egg-logrotator\app\schedule\rotate_by_file.js
2021-05-29 21:30:47,523 INFO 15352 [egg-schedule]: register schedule C:\Users\86132\Desktop\ltt\cms-home\server\node_modules\egg-multipart\app\schedule\clean_tmpdir.js
2021-05-29 21:30:47,523 INFO 15352 [egg-schedule]: register schedule C:\Users\86132\Desktop\ltt\cms-home\server\node_modules\egg-logrotator\app\schedule\clean_log.js
2021-05-29 21:30:47,523 INFO 15352 [egg-schedule]: register schedule C:\Users\86132\Desktop\ltt\cms-home\server\node_modules\egg-logrotator\app\schedule\rotate_by_file.js
2021-05-29 21:31:20,580 INFO 21828 [egg-schedule]: register schedule C:\Users\86132\Desktop\ltt\cms-home\server\node_modules\egg-multipart\app\schedule\clean_tmpdir.js
2021-05-29 21:31:20,580 INFO 21828 [egg-schedule]: register schedule C:\Users\86132\Desktop\ltt\cms-home\server\node_modules\egg-logrotator\app\schedule\clean_log.js
2021-05-29 21:31:20,580 INFO 21828 [egg-schedule]: register schedule C:\Users\86132\Desktop\ltt\cms-home\server\node_modules\egg-logrotator\app\schedule\rotate_by_file.js
2021-05-29 21:36:14,647 INFO 23464 [egg-schedule]: register schedule C:\Users\86132\Desktop\ltt\cms-home\server\node_modules\egg-multipart\app\schedule\clean_tmpdir.js
2021-05-29 21:36:14,647 INFO 23464 [egg-schedule]: register schedule C:\Users\86132\Desktop\ltt\cms-home\server\node_modules\egg-logrotator\app\schedule\clean_log.js
2021-05-29 21:36:14,647 INFO 23464 [egg-schedule]: register schedule C:\Users\86132\Desktop\ltt\cms-home\server\node_modules\egg-logrotator\app\schedule\rotate_by_file.js
2021-05-29 21:36:16,818 INFO 24424 [egg-schedule]: register schedule C:\Users\86132\Desktop\ltt\cms-home\server\node_modules\egg-multipart\app\schedule\clean_tmpdir.js
2021-05-29 21:36:16,818 INFO 24424 [egg-schedule]: register schedule C:\Users\86132\Desktop\ltt\cms-home\server\node_modules\egg-logrotator\app\schedule\clean_log.js
2021-05-29 21:36:16,818 INFO 24424 [egg-schedule]: register schedule C:\Users\86132\Desktop\ltt\cms-home\server\node_modules\egg-logrotator\app\schedule\rotate_by_file.js
2021-05-29 21:36:22,407 INFO 13124 [egg-schedule]: register schedule C:\Users\86132\Desktop\ltt\cms-home\server\node_modules\egg-multipart\app\schedule\clean_tmpdir.js
2021-05-29 21:36:22,407 INFO 13124 [egg-schedule]: register schedule C:\Users\86132\Desktop\ltt\cms-home\server\node_modules\egg-logrotator\app\schedule\clean_log.js
2021-05-29 21:36:22,407 INFO 13124 [egg-schedule]: register schedule C:\Users\86132\Desktop\ltt\cms-home\server\node_modules\egg-logrotator\app\schedule\rotate_by_file.js
2021-05-29 21:38:30,471 INFO 18184 [egg-schedule]: register schedule C:\Users\86132\Desktop\ltt\cms-home\server\node_modules\egg-multipart\app\schedule\clean_tmpdir.js
2021-05-29 21:38:30,471 INFO 18184 [egg-schedule]: register schedule C:\Users\86132\Desktop\ltt\cms-home\server\node_modules\egg-logrotator\app\schedule\clean_log.js
2021-05-29 21:38:30,471 INFO 18184 [egg-schedule]: register schedule C:\Users\86132\Desktop\ltt\cms-home\server\node_modules\egg-logrotator\app\schedule\rotate_by_file.js
2021-05-29 21:38:33,323 INFO 8164 [egg-schedule]: register schedule C:\Users\86132\Desktop\ltt\cms-home\server\node_modules\egg-multipart\app\schedule\clean_tmpdir.js
2021-05-29 21:38:33,323 INFO 8164 [egg-schedule]: register schedule C:\Users\86132\Desktop\ltt\cms-home\server\node_modules\egg-logrotator\app\schedule\clean_log.js
2021-05-29 21:38:33,323 INFO 8164 [egg-schedule]: register schedule C:\Users\86132\Desktop\ltt\cms-home\server\node_modules\egg-logrotator\app\schedule\rotate_by_file.js
2021-05-29 21:39:39,134 INFO 22404 [egg-schedule]: register schedule C:\Users\86132\Desktop\ltt\cms-home\server\node_modules\egg-multipart\app\schedule\clean_tmpdir.js
2021-05-29 21:39:39,134 INFO 22404 [egg-schedule]: register schedule C:\Users\86132\Desktop\ltt\cms-home\server\node_modules\egg-logrotator\app\schedule\clean_log.js
2021-05-29 21:39:39,134 INFO 22404 [egg-schedule]: register schedule C:\Users\86132\Desktop\ltt\cms-home\server\node_modules\egg-logrotator\app\schedule\rotate_by_file.js
2021-05-29 21:39:41,268 INFO 21568 [egg-schedule]: register schedule C:\Users\86132\Desktop\ltt\cms-home\server\node_modules\egg-multipart\app\schedule\clean_tmpdir.js
2021-05-29 21:39:41,269 INFO 21568 [egg-schedule]: register schedule C:\Users\86132\Desktop\ltt\cms-home\server\node_modules\egg-logrotator\app\schedule\clean_log.js
2021-05-29 21:39:41,269 INFO 21568 [egg-schedule]: register schedule C:\Users\86132\Desktop\ltt\cms-home\server\node_modules\egg-logrotator\app\schedule\rotate_by_file.js
2021-05-29 21:40:46,106 INFO 23176 [egg-schedule]: register schedule C:\Users\86132\Desktop\ltt\cms-home\server\node_modules\egg-multipart\app\schedule\clean_tmpdir.js
2021-05-29 21:40:46,106 INFO 23176 [egg-schedule]: register schedule C:\Users\86132\Desktop\ltt\cms-home\server\node_modules\egg-logrotator\app\schedule\clean_log.js
2021-05-29 21:40:46,106 INFO 23176 [egg-schedule]: register schedule C:\Users\86132\Desktop\ltt\cms-home\server\node_modules\egg-logrotator\app\schedule\rotate_by_file.js
2021-05-29 21:42:42,189 INFO 9204 [egg-schedule]: register schedule C:\Users\86132\Desktop\ltt\cms-home\server\node_modules\egg-multipart\app\schedule\clean_tmpdir.js
2021-05-29 21:42:42,190 INFO 9204 [egg-schedule]: register schedule C:\Users\86132\Desktop\ltt\cms-home\server\node_modules\egg-logrotator\app\schedule\clean_log.js
2021-05-29 21:42:42,190 INFO 9204 [egg-schedule]: register schedule C:\Users\86132\Desktop\ltt\cms-home\server\node_modules\egg-logrotator\app\schedule\rotate_by_file.js
2021-05-29 21:43:14,645 INFO 2616 [egg-schedule]: register schedule C:\Users\86132\Desktop\ltt\cms-home\server\node_modules\egg-multipart\app\schedule\clean_tmpdir.js
2021-05-29 21:43:14,645 INFO 2616 [egg-schedule]: register schedule C:\Users\86132\Desktop\ltt\cms-home\server\node_modules\egg-logrotator\app\schedule\clean_log.js
2021-05-29 21:43:14,645 INFO 2616 [egg-schedule]: register schedule C:\Users\86132\Desktop\ltt\cms-home\server\node_modules\egg-logrotator\app\schedule\rotate_by_file.js
2021-05-29 21:43:53,872 INFO 6188 [egg-schedule]: register schedule C:\Users\86132\Desktop\ltt\cms-home\server\node_modules\egg-multipart\app\schedule\clean_tmpdir.js
2021-05-29 21:43:53,872 INFO 6188 [egg-schedule]: register schedule C:\Users\86132\Desktop\ltt\cms-home\server\node_modules\egg-logrotator\app\schedule\clean_log.js
2021-05-29 21:43:53,872 INFO 6188 [egg-schedule]: register schedule C:\Users\86132\Desktop\ltt\cms-home\server\node_modules\egg-logrotator\app\schedule\rotate_by_file.js
2021-05-29 21:43:56,022 INFO 4836 [egg-schedule]: register schedule C:\Users\86132\Desktop\ltt\cms-home\server\node_modules\egg-multipart\app\schedule\clean_tmpdir.js
2021-05-29 21:43:56,022 INFO 4836 [egg-schedule]: register schedule C:\Users\86132\Desktop\ltt\cms-home\server\node_modules\egg-logrotator\app\schedule\clean_log.js
2021-05-29 21:43:56,022 INFO 4836 [egg-schedule]: register schedule C:\Users\86132\Desktop\ltt\cms-home\server\node_modules\egg-logrotator\app\schedule\rotate_by_file.js
2021-05-29 21:48:29,719 INFO 22200 [egg-schedule]: register schedule C:\Users\86132\Desktop\ltt\cms-home\server\node_modules\egg-multipart\app\schedule\clean_tmpdir.js
2021-05-29 21:48:29,719 INFO 22200 [egg-schedule]: register schedule C:\Users\86132\Desktop\ltt\cms-home\server\node_modules\egg-logrotator\app\schedule\clean_log.js
2021-05-29 21:48:29,719 INFO 22200 [egg-schedule]: register schedule C:\Users\86132\Desktop\ltt\cms-home\server\node_modules\egg-logrotator\app\schedule\rotate_by_file.js
2021-05-29 21:51:04,113 INFO 10196 [egg-schedule]: register schedule C:\Users\86132\Desktop\ltt\cms-home\server\node_modules\egg-multipart\app\schedule\clean_tmpdir.js
2021-05-29 21:51:04,113 INFO 10196 [egg-schedule]: register schedule C:\Users\86132\Desktop\ltt\cms-home\server\node_modules\egg-logrotator\app\schedule\clean_log.js
2021-05-29 21:51:04,113 INFO 10196 [egg-schedule]: register schedule C:\Users\86132\Desktop\ltt\cms-home\server\node_modules\egg-logrotator\app\schedule\rotate_by_file.js
2021-05-29 21:51:06,164 INFO 24132 [egg-schedule]: register schedule C:\Users\86132\Desktop\ltt\cms-home\server\node_modules\egg-multipart\app\schedule\clean_tmpdir.js
2021-05-29 21:51:06,164 INFO 24132 [egg-schedule]: register schedule C:\Users\86132\Desktop\ltt\cms-home\server\node_modules\egg-logrotator\app\schedule\clean_log.js
2021-05-29 21:51:06,164 INFO 24132 [egg-schedule]: register schedule C:\Users\86132\Desktop\ltt\cms-home\server\node_modules\egg-logrotator\app\schedule\rotate_by_file.js
2021-05-29 21:53:08,709 INFO 24524 [egg-schedule]: register schedule C:\Users\86132\Desktop\ltt\cms-home\server\node_modules\egg-multipart\app\schedule\clean_tmpdir.js
2021-05-29 21:53:08,709 INFO 24524 [egg-schedule]: register schedule C:\Users\86132\Desktop\ltt\cms-home\server\node_modules\egg-logrotator\app\schedule\clean_log.js
2021-05-29 21:53:08,709 INFO 24524 [egg-schedule]: register schedule C:\Users\86132\Desktop\ltt\cms-home\server\node_modules\egg-logrotator\app\schedule\rotate_by_file.js
2021-05-29 21:54:49,555 INFO 3204 [egg-schedule]: register schedule C:\Users\86132\Desktop\ltt\cms-home\server\node_modules\egg-multipart\app\schedule\clean_tmpdir.js
2021-05-29 21:54:49,555 INFO 3204 [egg-schedule]: register schedule C:\Users\86132\Desktop\ltt\cms-home\server\node_modules\egg-logrotator\app\schedule\clean_log.js
2021-05-29 21:54:49,555 INFO 3204 [egg-schedule]: register schedule C:\Users\86132\Desktop\ltt\cms-home\server\node_modules\egg-logrotator\app\schedule\rotate_by_file.js
2021-05-29 21:56:51,151 INFO 4728 [egg-schedule]: register schedule C:\Users\86132\Desktop\ltt\cms-home\server\node_modules\egg-multipart\app\schedule\clean_tmpdir.js
2021-05-29 21:56:51,151 INFO 4728 [egg-schedule]: register schedule C:\Users\86132\Desktop\ltt\cms-home\server\node_modules\egg-logrotator\app\schedule\clean_log.js
2021-05-29 21:56:51,151 INFO 4728 [egg-schedule]: register schedule C:\Users\86132\Desktop\ltt\cms-home\server\node_modules\egg-logrotator\app\schedule\rotate_by_file.js
2021-05-29 21:58:04,059 INFO 21172 [egg-schedule]: register schedule C:\Users\86132\Desktop\ltt\cms-home\server\node_modules\egg-multipart\app\schedule\clean_tmpdir.js
2021-05-29 21:58:04,059 INFO 21172 [egg-schedule]: register schedule C:\Users\86132\Desktop\ltt\cms-home\server\node_modules\egg-logrotator\app\schedule\clean_log.js
2021-05-29 21:58:04,059 INFO 21172 [egg-schedule]: register schedule C:\Users\86132\Desktop\ltt\cms-home\server\node_modules\egg-logrotator\app\schedule\rotate_by_file.js
2021-06-01 22:27:42,114 INFO 15632 [Timer] C:\Users\86132\Desktop\ltt\cms-home\server\server\node_modules\egg-multipart\app\schedule\clean_tmpdir.js next time will execute after 21737889ms at 2021-06-02 04:30:00.003
2021-06-01 22:27:42,114 INFO 15632 [Timer] C:\Users\86132\Desktop\ltt\cms-home\server\server\node_modules\egg-logrotator\app\schedule\clean_log.js next time will execute after 5537886ms at 2021-06-02 00:00:00.000
2021-06-01 22:27:42,114 INFO 15632 [Timer] C:\Users\86132\Desktop\ltt\cms-home\server\server\node_modules\egg-logrotator\app\schedule\rotate_by_file.js next time will execute after 5538886ms at 2021-06-02 00:00:01.000
2021-06-01 22:27:41,835 INFO 17452 [egg-schedule]: register schedule C:\Users\86132\Desktop\ltt\cms-home\server\server\node_modules\egg-multipart\app\schedule\clean_tmpdir.js
2021-06-01 22:27:41,835 INFO 17452 [egg-schedule]: register schedule C:\Users\86132\Desktop\ltt\cms-home\server\server\node_modules\egg-logrotator\app\schedule\clean_log.js
2021-06-01 22:27:41,835 INFO 17452 [egg-schedule]: register schedule C:\Users\86132\Desktop\ltt\cms-home\server\server\node_modules\egg-logrotator\app\schedule\rotate_by_file.js
2021-06-01 22:27:44,023 INFO 19216 [egg-schedule]: register schedule C:\Users\86132\Desktop\ltt\cms-home\server\server\node_modules\egg-multipart\app\schedule\clean_tmpdir.js
2021-06-01 22:27:44,023 INFO 19216 [egg-schedule]: register schedule C:\Users\86132\Desktop\ltt\cms-home\server\server\node_modules\egg-logrotator\app\schedule\clean_log.js
2021-06-01 22:27:44,023 INFO 19216 [egg-schedule]: register schedule C:\Users\86132\Desktop\ltt\cms-home\server\server\node_modules\egg-logrotator\app\schedule\rotate_by_file.js
2021-06-02 15:16:03,378 INFO 7967 [Timer] /Users/lagou/Documents/my-home/server/node_modules/egg-multipart/app/schedule/clean_tmpdir.js next time will execute after 47636625ms at 2021-06-03 04:30:00.003
2021-06-02 15:16:03,378 INFO 7967 [Timer] /Users/lagou/Documents/my-home/server/node_modules/egg-logrotator/app/schedule/clean_log.js next time will execute after 31436622ms at 2021-06-03 00:00:00.000
2021-06-02 15:16:03,379 INFO 7967 [Timer] /Users/lagou/Documents/my-home/server/node_modules/egg-logrotator/app/schedule/rotate_by_file.js next time will execute after 31437622ms at 2021-06-03 00:00:01.001
2021-06-02 15:16:03,070 INFO 7973 [egg-schedule]: register schedule /Users/lagou/Documents/my-home/server/node_modules/egg-multipart/app/schedule/clean_tmpdir.js
2021-06-02 15:16:03,070 INFO 7973 [egg-schedule]: register schedule /Users/lagou/Documents/my-home/server/node_modules/egg-logrotator/app/schedule/clean_log.js
2021-06-02 15:16:03,070 INFO 7973 [egg-schedule]: register schedule /Users/lagou/Documents/my-home/server/node_modules/egg-logrotator/app/schedule/rotate_by_file.js
2021-06-02 15:26:11,000 INFO 9264 [egg-schedule]: register schedule /Users/lagou/Documents/my-home/server/node_modules/egg-multipart/app/schedule/clean_tmpdir.js
2021-06-02 15:26:11,000 INFO 9264 [egg-schedule]: register schedule /Users/lagou/Documents/my-home/server/node_modules/egg-logrotator/app/schedule/clean_log.js
2021-06-02 15:26:11,000 INFO 9264 [egg-schedule]: register schedule /Users/lagou/Documents/my-home/server/node_modules/egg-logrotator/app/schedule/rotate_by_file.js
2021-06-02 15:26:12,648 INFO 9277 [egg-schedule]: register schedule /Users/lagou/Documents/my-home/server/node_modules/egg-multipart/app/schedule/clean_tmpdir.js
2021-06-02 15:26:12,648 INFO 9277 [egg-schedule]: register schedule /Users/lagou/Documents/my-home/server/node_modules/egg-logrotator/app/schedule/clean_log.js
2021-06-02 15:26:12,648 INFO 9277 [egg-schedule]: register schedule /Users/lagou/Documents/my-home/server/node_modules/egg-logrotator/app/schedule/rotate_by_file.js
2021-06-02 15:26:17,340 INFO 9316 [egg-schedule]: register schedule /Users/lagou/Documents/my-home/server/node_modules/egg-multipart/app/schedule/clean_tmpdir.js
2021-06-02 15:26:17,341 INFO 9316 [egg-schedule]: register schedule /Users/lagou/Documents/my-home/server/node_modules/egg-logrotator/app/schedule/clean_log.js
2021-06-02 15:26:17,341 INFO 9316 [egg-schedule]: register schedule /Users/lagou/Documents/my-home/server/node_modules/egg-logrotator/app/schedule/rotate_by_file.js
2021-06-02 15:26:23,508 INFO 9343 [egg-schedule]: register schedule /Users/lagou/Documents/my-home/server/node_modules/egg-multipart/app/schedule/clean_tmpdir.js
2021-06-02 15:26:23,508 INFO 9343 [egg-schedule]: register schedule /Users/lagou/Documents/my-home/server/node_modules/egg-logrotator/app/schedule/clean_log.js
2021-06-02 15:26:23,508 INFO 9343 [egg-schedule]: register schedule /Users/lagou/Documents/my-home/server/node_modules/egg-logrotator/app/schedule/rotate_by_file.js
2021-06-02 15:26:32,872 INFO 9375 [egg-schedule]: register schedule /Users/lagou/Documents/my-home/server/node_modules/egg-multipart/app/schedule/clean_tmpdir.js
2021-06-02 15:26:32,872 INFO 9375 [egg-schedule]: register schedule /Users/lagou/Documents/my-home/server/node_modules/egg-logrotator/app/schedule/clean_log.js
2021-06-02 15:26:32,872 INFO 9375 [egg-schedule]: register schedule /Users/lagou/Documents/my-home/server/node_modules/egg-logrotator/app/schedule/rotate_by_file.js
2021-06-02 15:27:22,918 INFO 9463 [egg-schedule]: register schedule /Users/lagou/Documents/my-home/server/node_modules/egg-multipart/app/schedule/clean_tmpdir.js
2021-06-02 15:27:22,918 INFO 9463 [egg-schedule]: register schedule /Users/lagou/Documents/my-home/server/node_modules/egg-logrotator/app/schedule/clean_log.js
2021-06-02 15:27:22,918 INFO 9463 [egg-schedule]: register schedule /Users/lagou/Documents/my-home/server/node_modules/egg-logrotator/app/schedule/rotate_by_file.js
2021-06-02 15:27:39,598 INFO 9538 [egg-schedule]: register schedule /Users/lagou/Documents/my-home/server/node_modules/egg-multipart/app/schedule/clean_tmpdir.js
2021-06-02 15:27:39,598 INFO 9538 [egg-schedule]: register schedule /Users/lagou/Documents/my-home/server/node_modules/egg-logrotator/app/schedule/clean_log.js
2021-06-02 15:27:39,598 INFO 9538 [egg-schedule]: register schedule /Users/lagou/Documents/my-home/server/node_modules/egg-logrotator/app/schedule/rotate_by_file.js
2021-06-02 15:29:38,731 INFO 9722 [egg-schedule]: register schedule /Users/lagou/Documents/my-home/server/node_modules/egg-multipart/app/schedule/clean_tmpdir.js
2021-06-02 15:29:38,731 INFO 9722 [egg-schedule]: register schedule /Users/lagou/Documents/my-home/server/node_modules/egg-logrotator/app/schedule/clean_log.js
2021-06-02 15:29:38,731 INFO 9722 [egg-schedule]: register schedule /Users/lagou/Documents/my-home/server/node_modules/egg-logrotator/app/schedule/rotate_by_file.js
2021-06-02 15:29:40,024 INFO 9745 [egg-schedule]: register schedule /Users/lagou/Documents/my-home/server/node_modules/egg-multipart/app/schedule/clean_tmpdir.js
2021-06-02 15:29:40,024 INFO 9745 [egg-schedule]: register schedule /Users/lagou/Documents/my-home/server/node_modules/egg-logrotator/app/schedule/clean_log.js
2021-06-02 15:29:40,024 INFO 9745 [egg-schedule]: register schedule /Users/lagou/Documents/my-home/server/node_modules/egg-logrotator/app/schedule/rotate_by_file.js
2021-06-02 15:29:52,080 INFO 9803 [egg-schedule]: register schedule /Users/lagou/Documents/my-home/server/node_modules/egg-multipart/app/schedule/clean_tmpdir.js
2021-06-02 15:29:52,080 INFO 9803 [egg-schedule]: register schedule /Users/lagou/Documents/my-home/server/node_modules/egg-logrotator/app/schedule/clean_log.js
2021-06-02 15:29:52,080 INFO 9803 [egg-schedule]: register schedule /Users/lagou/Documents/my-home/server/node_modules/egg-logrotator/app/schedule/rotate_by_file.js
2021-06-02 15:29:53,716 INFO 9814 [egg-schedule]: register schedule /Users/lagou/Documents/my-home/server/node_modules/egg-multipart/app/schedule/clean_tmpdir.js
2021-06-02 15:29:53,716 INFO 9814 [egg-schedule]: register schedule /Users/lagou/Documents/my-home/server/node_modules/egg-logrotator/app/schedule/clean_log.js
2021-06-02 15:29:53,716 INFO 9814 [egg-schedule]: register schedule /Users/lagou/Documents/my-home/server/node_modules/egg-logrotator/app/schedule/rotate_by_file.js
2021-06-02 15:31:48,072 INFO 9938 [egg-schedule]: register schedule /Users/lagou/Documents/my-home/server/node_modules/egg-multipart/app/schedule/clean_tmpdir.js
2021-06-02 15:31:48,072 INFO 9938 [egg-schedule]: register schedule /Users/lagou/Documents/my-home/server/node_modules/egg-logrotator/app/schedule/clean_log.js
2021-06-02 15:31:48,072 INFO 9938 [egg-schedule]: register schedule /Users/lagou/Documents/my-home/server/node_modules/egg-logrotator/app/schedule/rotate_by_file.js
2021-06-02 15:31:52,559 INFO 9965 [egg-schedule]: register schedule /Users/lagou/Documents/my-home/server/node_modules/egg-multipart/app/schedule/clean_tmpdir.js
2021-06-02 15:31:52,559 INFO 9965 [egg-schedule]: register schedule /Users/lagou/Documents/my-home/server/node_modules/egg-logrotator/app/schedule/clean_log.js
2021-06-02 15:31:52,559 INFO 9965 [egg-schedule]: register schedule /Users/lagou/Documents/my-home/server/node_modules/egg-logrotator/app/schedule/rotate_by_file.js
2021-06-02 15:31:54,066 INFO 9968 [egg-schedule]: register schedule /Users/lagou/Documents/my-home/server/node_modules/egg-multipart/app/schedule/clean_tmpdir.js
2021-06-02 15:31:54,066 INFO 9968 [egg-schedule]: register schedule /Users/lagou/Documents/my-home/server/node_modules/egg-logrotator/app/schedule/clean_log.js
2021-06-02 15:31:54,066 INFO 9968 [egg-schedule]: register schedule /Users/lagou/Documents/my-home/server/node_modules/egg-logrotator/app/schedule/rotate_by_file.js
2021-06-02 15:56:01,304 INFO 10662 [egg-schedule]: register schedule /Users/lagou/Documents/my-home/server/node_modules/egg-multipart/app/schedule/clean_tmpdir.js
2021-06-02 15:56:01,304 INFO 10662 [egg-schedule]: register schedule /Users/lagou/Documents/my-home/server/node_modules/egg-logrotator/app/schedule/clean_log.js
2021-06-02 15:56:01,304 INFO 10662 [egg-schedule]: register schedule /Users/lagou/Documents/my-home/server/node_modules/egg-logrotator/app/schedule/rotate_by_file.js
2021-06-02 15:56:04,350 INFO 10681 [egg-schedule]: register schedule /Users/lagou/Documents/my-home/server/node_modules/egg-multipart/app/schedule/clean_tmpdir.js
2021-06-02 15:56:04,350 INFO 10681 [egg-schedule]: register schedule /Users/lagou/Documents/my-home/server/node_modules/egg-logrotator/app/schedule/clean_log.js
2021-06-02 15:56:04,350 INFO 10681 [egg-schedule]: register schedule /Users/lagou/Documents/my-home/server/node_modules/egg-logrotator/app/schedule/rotate_by_file.js
2021-06-02 15:56:05,959 INFO 10684 [egg-schedule]: register schedule /Users/lagou/Documents/my-home/server/node_modules/egg-multipart/app/schedule/clean_tmpdir.js
2021-06-02 15:56:05,959 INFO 10684 [egg-schedule]: register schedule /Users/lagou/Documents/my-home/server/node_modules/egg-logrotator/app/schedule/clean_log.js
2021-06-02 15:56:05,959 INFO 10684 [egg-schedule]: register schedule /Users/lagou/Documents/my-home/server/node_modules/egg-logrotator/app/schedule/rotate_by_file.js
2021-06-02 16:00:09,924 INFO 10881 [egg-schedule]: register schedule /Users/lagou/Documents/my-home/server/node_modules/egg-multipart/app/schedule/clean_tmpdir.js
2021-06-02 16:00:09,924 INFO 10881 [egg-schedule]: register schedule /Users/lagou/Documents/my-home/server/node_modules/egg-logrotator/app/schedule/clean_log.js
2021-06-02 16:00:09,924 INFO 10881 [egg-schedule]: register schedule /Users/lagou/Documents/my-home/server/node_modules/egg-logrotator/app/schedule/rotate_by_file.js
2021-06-02 16:00:50,567 INFO 10918 [egg-schedule]: register schedule /Users/lagou/Documents/my-home/server/node_modules/egg-multipart/app/schedule/clean_tmpdir.js
2021-06-02 16:00:50,567 INFO 10918 [egg-schedule]: register schedule /Users/lagou/Documents/my-home/server/node_modules/egg-logrotator/app/schedule/clean_log.js
2021-06-02 16:00:50,567 INFO 10918 [egg-schedule]: register schedule /Users/lagou/Documents/my-home/server/node_modules/egg-logrotator/app/schedule/rotate_by_file.js
2021-06-02 16:02:13,557 INFO 10973 [egg-schedule]: register schedule /Users/lagou/Documents/my-home/server/node_modules/egg-multipart/app/schedule/clean_tmpdir.js
2021-06-02 16:02:13,557 INFO 10973 [egg-schedule]: register schedule /Users/lagou/Documents/my-home/server/node_modules/egg-logrotator/app/schedule/clean_log.js
2021-06-02 16:02:13,557 INFO 10973 [egg-schedule]: register schedule /Users/lagou/Documents/my-home/server/node_modules/egg-logrotator/app/schedule/rotate_by_file.js
2021-06-02 16:02:15,507 INFO 10985 [egg-schedule]: register schedule /Users/lagou/Documents/my-home/server/node_modules/egg-multipart/app/schedule/clean_tmpdir.js
2021-06-02 16:02:15,507 INFO 10985 [egg-schedule]: register schedule /Users/lagou/Documents/my-home/server/node_modules/egg-logrotator/app/schedule/clean_log.js
2021-06-02 16:02:15,507 INFO 10985 [egg-schedule]: register schedule /Users/lagou/Documents/my-home/server/node_modules/egg-logrotator/app/schedule/rotate_by_file.js
2021-06-02 16:02:18,287 INFO 11005 [egg-schedule]: register schedule /Users/lagou/Documents/my-home/server/node_modules/egg-multipart/app/schedule/clean_tmpdir.js
2021-06-02 16:02:18,288 INFO 11005 [egg-schedule]: register schedule /Users/lagou/Documents/my-home/server/node_modules/egg-logrotator/app/schedule/clean_log.js
2021-06-02 16:02:18,288 INFO 11005 [egg-schedule]: register schedule /Users/lagou/Documents/my-home/server/node_modules/egg-logrotator/app/schedule/rotate_by_file.js
2021-06-02 16:13:46,840 INFO 11371 [egg-schedule]: register schedule /Users/lagou/Documents/my-home/server/node_modules/egg-multipart/app/schedule/clean_tmpdir.js
2021-06-02 16:13:46,840 INFO 11371 [egg-schedule]: register schedule /Users/lagou/Documents/my-home/server/node_modules/egg-logrotator/app/schedule/clean_log.js
2021-06-02 16:13:46,840 INFO 11371 [egg-schedule]: register schedule /Users/lagou/Documents/my-home/server/node_modules/egg-logrotator/app/schedule/rotate_by_file.js
2021-06-02 16:41:40,523 INFO 12042 [egg-schedule]: register schedule /Users/lagou/Documents/my-home/server/node_modules/egg-multipart/app/schedule/clean_tmpdir.js
2021-06-02 16:41:40,523 INFO 12042 [egg-schedule]: register schedule /Users/lagou/Documents/my-home/server/node_modules/egg-logrotator/app/schedule/clean_log.js
2021-06-02 16:41:40,523 INFO 12042 [egg-schedule]: register schedule /Users/lagou/Documents/my-home/server/node_modules/egg-logrotator/app/schedule/rotate_by_file.js
2021-06-02 16:42:15,732 INFO 12086 [egg-schedule]: register schedule /Users/lagou/Documents/my-home/server/node_modules/egg-multipart/app/schedule/clean_tmpdir.js
2021-06-02 16:42:15,733 INFO 12086 [egg-schedule]: register schedule /Users/lagou/Documents/my-home/server/node_modules/egg-logrotator/app/schedule/clean_log.js
2021-06-02 16:42:15,733 INFO 12086 [egg-schedule]: register schedule /Users/lagou/Documents/my-home/server/node_modules/egg-logrotator/app/schedule/rotate_by_file.js
2021-06-02 16:42:18,753 INFO 12103 [egg-schedule]: register schedule /Users/lagou/Documents/my-home/server/node_modules/egg-multipart/app/schedule/clean_tmpdir.js
2021-06-02 16:42:18,753 INFO 12103 [egg-schedule]: register schedule /Users/lagou/Documents/my-home/server/node_modules/egg-logrotator/app/schedule/clean_log.js
2021-06-02 16:42:18,753 INFO 12103 [egg-schedule]: register schedule /Users/lagou/Documents/my-home/server/node_modules/egg-logrotator/app/schedule/rotate_by_file.js
2021-06-02 16:42:19,973 INFO 12107 [egg-schedule]: register schedule /Users/lagou/Documents/my-home/server/node_modules/egg-multipart/app/schedule/clean_tmpdir.js
2021-06-02 16:42:19,973 INFO 12107 [egg-schedule]: register schedule /Users/lagou/Documents/my-home/server/node_modules/egg-logrotator/app/schedule/clean_log.js
2021-06-02 16:42:19,973 INFO 12107 [egg-schedule]: register schedule /Users/lagou/Documents/my-home/server/node_modules/egg-logrotator/app/schedule/rotate_by_file.js
2021-06-02 16:42:41,572 INFO 12148 [egg-schedule]: register schedule /Users/lagou/Documents/my-home/server/node_modules/egg-multipart/app/schedule/clean_tmpdir.js
2021-06-02 16:42:41,572 INFO 12148 [egg-schedule]: register schedule /Users/lagou/Documents/my-home/server/node_modules/egg-logrotator/app/schedule/clean_log.js
2021-06-02 16:42:41,572 INFO 12148 [egg-schedule]: register schedule /Users/lagou/Documents/my-home/server/node_modules/egg-logrotator/app/schedule/rotate_by_file.js
2021-06-02 16:43:08,692 INFO 12180 [egg-schedule]: register schedule /Users/lagou/Documents/my-home/server/node_modules/egg-multipart/app/schedule/clean_tmpdir.js
2021-06-02 16:43:08,692 INFO 12180 [egg-schedule]: register schedule /Users/lagou/Documents/my-home/server/node_modules/egg-logrotator/app/schedule/clean_log.js
2021-06-02 16:43:08,692 INFO 12180 [egg-schedule]: register schedule /Users/lagou/Documents/my-home/server/node_modules/egg-logrotator/app/schedule/rotate_by_file.js
2021-06-02 16:43:57,031 INFO 12214 [egg-schedule]: register schedule /Users/lagou/Documents/my-home/server/node_modules/egg-multipart/app/schedule/clean_tmpdir.js
2021-06-02 16:43:57,031 INFO 12214 [egg-schedule]: register schedule /Users/lagou/Documents/my-home/server/node_modules/egg-logrotator/app/schedule/clean_log.js
2021-06-02 16:43:57,031 INFO 12214 [egg-schedule]: register schedule /Users/lagou/Documents/my-home/server/node_modules/egg-logrotator/app/schedule/rotate_by_file.js
2021-06-02 16:45:27,678 INFO 12252 [egg-schedule]: register schedule /Users/lagou/Documents/my-home/server/node_modules/egg-multipart/app/schedule/clean_tmpdir.js
2021-06-02 16:45:27,678 INFO 12252 [egg-schedule]: register schedule /Users/lagou/Documents/my-home/server/node_modules/egg-logrotator/app/schedule/clean_log.js
2021-06-02 16:45:27,678 INFO 12252 [egg-schedule]: register schedule /Users/lagou/Documents/my-home/server/node_modules/egg-logrotator/app/schedule/rotate_by_file.js
2021-06-02 16:46:18,331 INFO 12299 [egg-schedule]: register schedule /Users/lagou/Documents/my-home/server/node_modules/egg-multipart/app/schedule/clean_tmpdir.js
2021-06-02 16:46:18,331 INFO 12299 [egg-schedule]: register schedule /Users/lagou/Documents/my-home/server/node_modules/egg-logrotator/app/schedule/clean_log.js
2021-06-02 16:46:18,331 INFO 12299 [egg-schedule]: register schedule /Users/lagou/Documents/my-home/server/node_modules/egg-logrotator/app/schedule/rotate_by_file.js
2021-06-02 16:46:19,849 INFO 12305 [egg-schedule]: register schedule /Users/lagou/Documents/my-home/server/node_modules/egg-multipart/app/schedule/clean_tmpdir.js
2021-06-02 16:46:19,849 INFO 12305 [egg-schedule]: register schedule /Users/lagou/Documents/my-home/server/node_modules/egg-logrotator/app/schedule/clean_log.js
2021-06-02 16:46:19,849 INFO 12305 [egg-schedule]: register schedule /Users/lagou/Documents/my-home/server/node_modules/egg-logrotator/app/schedule/rotate_by_file.js
2021-06-02 16:47:10,048 INFO 12354 [egg-schedule]: register schedule /Users/lagou/Documents/my-home/server/node_modules/egg-multipart/app/schedule/clean_tmpdir.js
2021-06-02 16:47:10,048 INFO 12354 [egg-schedule]: register schedule /Users/lagou/Documents/my-home/server/node_modules/egg-logrotator/app/schedule/clean_log.js
2021-06-02 16:47:10,048 INFO 12354 [egg-schedule]: register schedule /Users/lagou/Documents/my-home/server/node_modules/egg-logrotator/app/schedule/rotate_by_file.js
2021-06-02 16:48:19,625 INFO 12402 [egg-schedule]: register schedule /Users/lagou/Documents/my-home/server/node_modules/egg-multipart/app/schedule/clean_tmpdir.js
2021-06-02 16:48:19,625 INFO 12402 [egg-schedule]: register schedule /Users/lagou/Documents/my-home/server/node_modules/egg-logrotator/app/schedule/clean_log.js
2021-06-02 16:48:19,625 INFO 12402 [egg-schedule]: register schedule /Users/lagou/Documents/my-home/server/node_modules/egg-logrotator/app/schedule/rotate_by_file.js
2021-06-02 16:51:19,314 INFO 12466 [egg-schedule]: register schedule /Users/lagou/Documents/my-home/server/node_modules/egg-multipart/app/schedule/clean_tmpdir.js
2021-06-02 16:51:19,314 INFO 12466 [egg-schedule]: register schedule /Users/lagou/Documents/my-home/server/node_modules/egg-logrotator/app/schedule/clean_log.js
2021-06-02 16:51:19,315 INFO 12466 [egg-schedule]: register schedule /Users/lagou/Documents/my-home/server/node_modules/egg-logrotator/app/schedule/rotate_by_file.js
2021-06-02 16:52:05,480 INFO 12508 [egg-schedule]: register schedule /Users/lagou/Documents/my-home/server/node_modules/egg-multipart/app/schedule/clean_tmpdir.js
2021-06-02 16:52:05,480 INFO 12508 [egg-schedule]: register schedule /Users/lagou/Documents/my-home/server/node_modules/egg-logrotator/app/schedule/clean_log.js
2021-06-02 16:52:05,480 INFO 12508 [egg-schedule]: register schedule /Users/lagou/Documents/my-home/server/node_modules/egg-logrotator/app/schedule/rotate_by_file.js
2021-06-02 16:52:09,498 INFO 12526 [egg-schedule]: register schedule /Users/lagou/Documents/my-home/server/node_modules/egg-multipart/app/schedule/clean_tmpdir.js
2021-06-02 16:52:09,498 INFO 12526 [egg-schedule]: register schedule /Users/lagou/Documents/my-home/server/node_modules/egg-logrotator/app/schedule/clean_log.js
2021-06-02 16:52:09,498 INFO 12526 [egg-schedule]: register schedule /Users/lagou/Documents/my-home/server/node_modules/egg-logrotator/app/schedule/rotate_by_file.js
2021-06-02 16:52:52,410 INFO 12575 [egg-schedule]: register schedule /Users/lagou/Documents/my-home/server/node_modules/egg-multipart/app/schedule/clean_tmpdir.js
2021-06-02 16:52:52,410 INFO 12575 [egg-schedule]: register schedule /Users/lagou/Documents/my-home/server/node_modules/egg-logrotator/app/schedule/clean_log.js
2021-06-02 16:52:52,410 INFO 12575 [egg-schedule]: register schedule /Users/lagou/Documents/my-home/server/node_modules/egg-logrotator/app/schedule/rotate_by_file.js
2021-06-02 17:00:00,008 INFO 12758 [egg-schedule]: register schedule /Users/lagou/Documents/my-home/server/node_modules/egg-multipart/app/schedule/clean_tmpdir.js
2021-06-02 17:00:00,008 INFO 12758 [egg-schedule]: register schedule /Users/lagou/Documents/my-home/server/node_modules/egg-logrotator/app/schedule/clean_log.js
2021-06-02 17:00:00,008 INFO 12758 [egg-schedule]: register schedule /Users/lagou/Documents/my-home/server/node_modules/egg-logrotator/app/schedule/rotate_by_file.js
2021-06-02 17:23:16,611 INFO 13259 [egg-schedule]: register schedule /Users/lagou/Documents/my-home/server/node_modules/egg-multipart/app/schedule/clean_tmpdir.js
2021-06-02 17:23:16,611 INFO 13259 [egg-schedule]: register schedule /Users/lagou/Documents/my-home/server/node_modules/egg-logrotator/app/schedule/clean_log.js
2021-06-02 17:23:16,611 INFO 13259 [egg-schedule]: register schedule /Users/lagou/Documents/my-home/server/node_modules/egg-logrotator/app/schedule/rotate_by_file.js
2021-06-02 17:23:28,313 INFO 13292 [egg-schedule]: register schedule /Users/lagou/Documents/my-home/server/node_modules/egg-multipart/app/schedule/clean_tmpdir.js
2021-06-02 17:23:28,313 INFO 13292 [egg-schedule]: register schedule /Users/lagou/Documents/my-home/server/node_modules/egg-logrotator/app/schedule/clean_log.js
2021-06-02 17:23:28,313 INFO 13292 [egg-schedule]: register schedule /Users/lagou/Documents/my-home/server/node_modules/egg-logrotator/app/schedule/rotate_by_file.js
2021-06-02 17:23:29,875 INFO 13298 [egg-schedule]: register schedule /Users/lagou/Documents/my-home/server/node_modules/egg-multipart/app/schedule/clean_tmpdir.js
2021-06-02 17:23:29,875 INFO 13298 [egg-schedule]: register schedule /Users/lagou/Documents/my-home/server/node_modules/egg-logrotator/app/schedule/clean_log.js
2021-06-02 17:23:29,875 INFO 13298 [egg-schedule]: register schedule /Users/lagou/Documents/my-home/server/node_modules/egg-logrotator/app/schedule/rotate_by_file.js
